[0m[[0m[0mdebug[0m] [0m[0m> Exec(;Test/compile; collectAnalyses, None, Some(CommandSource(network-1)))[0m
[0m[[0m[0mdebug[0m] [0m[0munmatched Processing event for requestId None: None[0m
[0m[[0m[0mdebug[0m] [0m[0munmatched Done event for requestId None: None[0m
[0m[[0m[0mdebug[0m] [0m[0m> Exec(Test/compile, None, Some(CommandSource(network-1)))[0m
[0m[[0m[0mdebug[0m] [0m[0munmatched Processing event for requestId None: None[0m
[0m[[0m[0mdebug[0m] [0m[0mEvaluating tasks: Test / compile[0m
[0m[[0m[0mdebug[0m] [0m[0mRunning task... Cancel: Signal, check cycles: false, forcegc: true[0m
[0m[[0m[0mdebug[0m] [0m[0mjsonRpcNotify: JsonRpcNotificationMessage(2.0, build/taskStart, {"taskId":{"id":"6","parents":[]},"eventTime":1654100263424,"message":"Compiling scalacords","dataKind":"compile-task","data":{"target":{"uri":"file:/E:/Program%20Files/Projects/scalacords/#scalacords/Compile"}}})[0m
[0m[[0m[0minfo[0m] [0m[0mcompiling 4 Scala sources to E:\Program Files\Projects\scalacords\target\scala-2.13\classes ...[0m
[0m[[0m[0mdebug[0m] [0m[0mjsonRpcNotify: JsonRpcNotificationMessage(2.0, build/logMessage, {"type":3,"message":"compiling 4 Scala sources to E:\\Program Files\\Projects\\scalacords\\target\\scala-2.13\\classes ..."})[0m
[0m[[0m[0mdebug[0m] [0m[0mjsonRpcNotify: JsonRpcNotificationMessage(2.0, build/taskProgress, {"taskId":{"id":"6","parents":[]},"eventTime":1654100263570,"message":"Compiling scalacords (0%)","total":104,"progress":0,"dataKind":"compile-progress","data":{"target":{"uri":"file:/E:/Program%20Files/Projects/scalacords/#scalacords/Compile"}}})[0m
[0m[[0m[0mdebug[0m] [0m[0mjsonRpcNotify: JsonRpcNotificationMessage(2.0, build/taskProgress, {"taskId":{"id":"6","parents":[]},"eventTime":1654100263590,"message":"Compiling scalacords (5%)","total":104,"progress":5,"dataKind":"compile-progress","data":{"target":{"uri":"file:/E:/Program%20Files/Projects/scalacords/#scalacords/Compile"}}})[0m
[0m[[0m[0mdebug[0m] [0m[0mjsonRpcNotify: JsonRpcNotificationMessage(2.0, build/taskProgress, {"taskId":{"id":"6","parents":[]},"eventTime":1654100263599,"message":"Compiling scalacords (10%)","total":104,"progress":10,"dataKind":"compile-progress","data":{"target":{"uri":"file:/E:/Program%20Files/Projects/scalacords/#scalacords/Compile"}}})[0m
[0m[[0m[0mdebug[0m] [0m[0mjsonRpcNotify: JsonRpcNotificationMessage(2.0, build/publishDiagnostics, {"textDocument":{"uri":"file:///E:/Program%20Files/Projects/scalacords/src/main/scala/Coordinates.scala"},"buildTarget":{"uri":"file:/E:/Program%20Files/Projects/scalacords/#scalacords/Compile"},"diagnostics":[{"range":{"start":{"line":45,"character":22},"end":{"line":45,"character":24}},"severity":1,"source":"sbt","message":"type mismatch;\n found   : scala.collection.mutable.ArrayBuffer[Double]\n required: Seq[Double]"}],"reset":false})[0m
[0m[[0m[31merror[0m] [0m[0mE:\Program Files\Projects\scalacords\src\main\scala\Coordinates.scala:46:23: type mismatch;[0m
[0m[[0m[31merror[0m] [0m[0m found   : scala.collection.mutable.ArrayBuffer[Double][0m
[0m[[0m[31merror[0m] [0m[0m required: Seq[Double][0m
[0m[[0m[31merror[0m] [0m[0m    val mid = average(ls)[0m
[0m[[0m[31merror[0m] [0m[0m                      ^[0m
[0m[[0m[0mdebug[0m] [0m[0mjsonRpcNotify: JsonRpcNotificationMessage(2.0, build/logMessage, {"type":1,"message":"E:\\Program Files\\Projects\\scalacords\\src\\main\\scala\\Coordinates.scala:46:23: type mismatch;\n found   : scala.collection.mutable.ArrayBuffer[Double]\n required: Seq[Double]"})[0m
[0m[[0m[0mdebug[0m] [0m[0mjsonRpcNotify: JsonRpcNotificationMessage(2.0, build/logMessage, {"type":1,"message":"    val mid = average(ls)"})[0m
[0m[[0m[0mdebug[0m] [0m[0mjsonRpcNotify: JsonRpcNotificationMessage(2.0, build/logMessage, {"type":1,"message":"                      ^"})[0m
[0m[[0m[0mdebug[0m] [0m[0mjsonRpcNotify: JsonRpcNotificationMessage(2.0, build/publishDiagnostics, {"textDocument":{"uri":"file:///E:/Program%20Files/Projects/scalacords/src/main/scala/TimezoneIndex.scala"},"buildTarget":{"uri":"file:/E:/Program%20Files/Projects/scalacords/#scalacords/Compile"},"diagnostics":[{"range":{"start":{"line":22,"character":32},"end":{"line":22,"character":104}},"severity":1,"source":"sbt","message":"value length is not a member of scala.collection.View[String]"}],"reset":false})[0m
[0m[[0m[31merror[0m] [0m[0mE:\Program Files\Projects\scalacords\src\main\scala\TimezoneIndex.scala:23:99: value length is not a member of scala.collection.View[String][0m
[0m[[0m[31merror[0m] [0m[0m        val adjustedMin = min - memoryIndex.view(min-1000, min).reverse.takeWhile(_ == foundHash).length[0m
[0m[[0m[31merror[0m] [0m[0m                                                                                                  ^[0m
[0m[[0m[0mdebug[0m] [0m[0mjsonRpcNotify: JsonRpcNotificationMessage(2.0, build/logMessage, {"type":1,"message":"E:\\Program Files\\Projects\\scalacords\\src\\main\\scala\\TimezoneIndex.scala:23:99: value length is not a member of scala.collection.View[String]"})[0m
[0m[[0m[0mdebug[0m] [0m[0mjsonRpcNotify: JsonRpcNotificationMessage(2.0, build/logMessage, {"type":1,"message":"        val adjustedMin = min - memoryIndex.view(min-1000, min).reverse.takeWhile(_ == foundHash).length"})[0m
[0m[[0m[0mdebug[0m] [0m[0mjsonRpcNotify: JsonRpcNotificationMessage(2.0, build/logMessage, {"type":1,"message":"                                                                                                  ^"})[0m
[0m[[0m[0mdebug[0m] [0m[0mjsonRpcNotify: JsonRpcNotificationMessage(2.0, build/publishDiagnostics, {"textDocument":{"uri":"file:///E:/Program%20Files/Projects/scalacords/src/main/scala/TimezoneIndex.scala"},"buildTarget":{"uri":"file:/E:/Program%20Files/Projects/scalacords/#scalacords/Compile"},"diagnostics":[{"range":{"start":{"line":23,"character":32},"end":{"line":23,"character":96}},"severity":1,"source":"sbt","message":"value length is not a member of scala.collection.View[String]"}],"reset":false})[0m
[0m[[0m[31merror[0m] [0m[0mE:\Program Files\Projects\scalacords\src\main\scala\TimezoneIndex.scala:24:91: value length is not a member of scala.collection.View[String][0m
[0m[[0m[31merror[0m] [0m[0m        val adjustedMax = max - memoryIndex.view(max, max+1000).takeWhile(_ == foundHash).length[0m
[0m[[0m[31merror[0m] [0m[0m                                                                                          ^[0m
[0m[[0m[0mdebug[0m] [0m[0mjsonRpcNotify: JsonRpcNotificationMessage(2.0, build/logMessage, {"type":1,"message":"E:\\Program Files\\Projects\\scalacords\\src\\main\\scala\\TimezoneIndex.scala:24:91: value length is not a member of scala.collection.View[String]"})[0m
[0m[[0m[0mdebug[0m] [0m[0mjsonRpcNotify: JsonRpcNotificationMessage(2.0, build/logMessage, {"type":1,"message":"        val adjustedMax = max - memoryIndex.view(max, max+1000).takeWhile(_ == foundHash).length"})[0m
[0m[[0m[0mdebug[0m] [0m[0mjsonRpcNotify: JsonRpcNotificationMessage(2.0, build/logMessage, {"type":1,"message":"                                                                                          ^"})[0m
[0m[[0m[0mdebug[0m] [0m[0mjsonRpcNotify: JsonRpcNotificationMessage(2.0, build/publishDiagnostics, {"textDocument":{"uri":"file:///E:/Program%20Files/Projects/scalacords/src/main/scala/TimezoneIndex.scala"},"buildTarget":{"uri":"file:/E:/Program%20Files/Projects/scalacords/#scalacords/Compile"},"diagnostics":[{"range":{"start":{"line":58,"character":10},"end":{"line":58,"character":15}},"severity":2,"source":"sbt","message":"Auto-application to `()` is deprecated. Supply the empty argument list `()` explicitly to invoke method break,\nor remove the empty argument list from its definition (Java-defined methods are exempt).\nIn Scala 3, an unapplied method like this will be eta-expanded into a function."}],"reset":false})[0m
[0m[[0m[33mwarn[0m] [0m[0mE:\Program Files\Projects\scalacords\src\main\scala\TimezoneIndex.scala:59:11: Auto-application to `()` is deprecated. Supply the empty argument list `()` explicitly to invoke method break,[0m
[0m[[0m[33mwarn[0m] [0m[0mor remove the empty argument list from its definition (Java-defined methods are exempt).[0m
[0m[[0m[33mwarn[0m] [0m[0mIn Scala 3, an unapplied method like this will be eta-expanded into a function.[0m
[0m[[0m[33mwarn[0m] [0m[0m          break[0m
[0m[[0m[33mwarn[0m] [0m[0m          ^[0m
[0m[[0m[0mdebug[0m] [0m[0mjsonRpcNotify: JsonRpcNotificationMessage(2.0, build/logMessage, {"type":2,"message":"E:\\Program Files\\Projects\\scalacords\\src\\main\\scala\\TimezoneIndex.scala:59:11: Auto-application to `()` is deprecated. Supply the empty argument list `()` explicitly to invoke method break,\nor remove the empty argument list from its definition (Java-defined methods are exempt).\nIn Scala 3, an unapplied method like this will be eta-expanded into a function."})[0m
[0m[[0m[0mdebug[0m] [0m[0mjsonRpcNotify: JsonRpcNotificationMessage(2.0, build/logMessage, {"type":2,"message":"          break"})[0m
[0m[[0m[0mdebug[0m] [0m[0mjsonRpcNotify: JsonRpcNotificationMessage(2.0, build/logMessage, {"type":2,"message":"          ^"})[0m
[0m[[0m[0mdebug[0m] [0m[0mjsonRpcNotify: JsonRpcNotificationMessage(2.0, build/publishDiagnostics, {"textDocument":{"uri":"file:///E:/Program%20Files/Projects/scalacords/src/main/scala/TimezoneIndex.scala"},"buildTarget":{"uri":"file:/E:/Program%20Files/Projects/scalacords/#scalacords/Compile"},"diagnostics":[{"range":{"start":{"line":63,"character":10},"end":{"line":63,"character":15}},"severity":2,"source":"sbt","message":"Auto-application to `()` is deprecated. Supply the empty argument list `()` explicitly to invoke method break,\nor remove the empty argument list from its definition (Java-defined methods are exempt).\nIn Scala 3, an unapplied method like this will be eta-expanded into a function."}],"reset":false})[0m
[0m[[0m[33mwarn[0m] [0m[0mE:\Program Files\Projects\scalacords\src\main\scala\TimezoneIndex.scala:64:11: Auto-application to `()` is deprecated. Supply the empty argument list `()` explicitly to invoke method break,[0m
[0m[[0m[33mwarn[0m] [0m[0mor remove the empty argument list from its definition (Java-defined methods are exempt).[0m
[0m[[0m[33mwarn[0m] [0m[0mIn Scala 3, an unapplied method like this will be eta-expanded into a function.[0m
[0m[[0m[33mwarn[0m] [0m[0m          break[0m
[0m[[0m[33mwarn[0m] [0m[0m          ^[0m
[0m[[0m[0mdebug[0m] [0m[0mjsonRpcNotify: JsonRpcNotificationMessage(2.0, build/logMessage, {"type":2,"message":"E:\\Program Files\\Projects\\scalacords\\src\\main\\scala\\TimezoneIndex.scala:64:11: Auto-application to `()` is deprecated. Supply the empty argument list `()` explicitly to invoke method break,\nor remove the empty argument list from its definition (Java-defined methods are exempt).\nIn Scala 3, an unapplied method like this will be eta-expanded into a function."})[0m
[0m[[0m[0mdebug[0m] [0m[0mjsonRpcNotify: JsonRpcNotificationMessage(2.0, build/logMessage, {"type":2,"message":"          break"})[0m
[0m[[0m[0mdebug[0m] [0m[0mjsonRpcNotify: JsonRpcNotificationMessage(2.0, build/logMessage, {"type":2,"message":"          ^"})[0m
[0m[[0m[0mdebug[0m] [0m[0mjsonRpcNotify: JsonRpcNotificationMessage(2.0, build/publishDiagnostics, {"textDocument":{"uri":"file:///E:/Program%20Files/Projects/scalacords/src/main/scala/TimezoneIndex.scala"},"buildTarget":{"uri":"file:/E:/Program%20Files/Projects/scalacords/#scalacords/Compile"},"diagnostics":[{"range":{"start":{"line":75,"character":10},"end":{"line":75,"character":15}},"severity":2,"source":"sbt","message":"Auto-application to `()` is deprecated. Supply the empty argument list `()` explicitly to invoke method break,\nor remove the empty argument list from its definition (Java-defined methods are exempt).\nIn Scala 3, an unapplied method like this will be eta-expanded into a function."}],"reset":false})[0m
[0m[[0m[33mwarn[0m] [0m[0mE:\Program Files\Projects\scalacords\src\main\scala\TimezoneIndex.scala:76:11: Auto-application to `()` is deprecated. Supply the empty argument list `()` explicitly to invoke method break,[0m
[0m[[0m[33mwarn[0m] [0m[0mor remove the empty argument list from its definition (Java-defined methods are exempt).[0m
[0m[[0m[33mwarn[0m] [0m[0mIn Scala 3, an unapplied method like this will be eta-expanded into a function.[0m
[0m[[0m[33mwarn[0m] [0m[0m          break[0m
[0m[[0m[33mwarn[0m] [0m[0m          ^[0m
[0m[[0m[0mdebug[0m] [0m[0mjsonRpcNotify: JsonRpcNotificationMessage(2.0, build/logMessage, {"type":2,"message":"E:\\Program Files\\Projects\\scalacords\\src\\main\\scala\\TimezoneIndex.scala:76:11: Auto-application to `()` is deprecated. Supply the empty argument list `()` explicitly to invoke method break,\nor remove the empty argument list from its definition (Java-defined methods are exempt).\nIn Scala 3, an unapplied method like this will be eta-expanded into a function."})[0m
[0m[[0m[0mdebug[0m] [0m[0mjsonRpcNotify: JsonRpcNotificationMessage(2.0, build/logMessage, {"type":2,"message":"          break"})[0m
[0m[[0m[0mdebug[0m] [0m[0mjsonRpcNotify: JsonRpcNotificationMessage(2.0, build/logMessage, {"type":2,"message":"          ^"})[0m
[0m[[0m[0mdebug[0m] [0m[0mjsonRpcNotify: JsonRpcNotificationMessage(2.0, build/publishDiagnostics, {"textDocument":{"uri":"file:///E:/Program%20Files/Projects/scalacords/src/main/scala/TimezoneIndex.scala"},"buildTarget":{"uri":"file:/E:/Program%20Files/Projects/scalacords/#scalacords/Compile"},"diagnostics":[{"range":{"start":{"line":82,"character":10},"end":{"line":82,"character":15}},"severity":2,"source":"sbt","message":"Auto-application to `()` is deprecated. Supply the empty argument list `()` explicitly to invoke method break,\nor remove the empty argument list from its definition (Java-defined methods are exempt).\nIn Scala 3, an unapplied method like this will be eta-expanded into a function."}],"reset":false})[0m
[0m[[0m[33mwarn[0m] [0m[0mE:\Program Files\Projects\scalacords\src\main\scala\TimezoneIndex.scala:83:11: Auto-application to `()` is deprecated. Supply the empty argument list `()` explicitly to invoke method break,[0m
[0m[[0m[33mwarn[0m] [0m[0mor remove the empty argument list from its definition (Java-defined methods are exempt).[0m
[0m[[0m[33mwarn[0m] [0m[0mIn Scala 3, an unapplied method like this will be eta-expanded into a function.[0m
[0m[[0m[33mwarn[0m] [0m[0m          break[0m
[0m[[0m[33mwarn[0m] [0m[0m          ^[0m
[0m[[0m[0mdebug[0m] [0m[0mjsonRpcNotify: JsonRpcNotificationMessage(2.0, build/logMessage, {"type":2,"message":"E:\\Program Files\\Projects\\scalacords\\src\\main\\scala\\TimezoneIndex.scala:83:11: Auto-application to `()` is deprecated. Supply the empty argument list `()` explicitly to invoke method break,\nor remove the empty argument list from its definition (Java-defined methods are exempt).\nIn Scala 3, an unapplied method like this will be eta-expanded into a function."})[0m
[0m[[0m[0mdebug[0m] [0m[0mjsonRpcNotify: JsonRpcNotificationMessage(2.0, build/logMessage, {"type":2,"message":"          break"})[0m
[0m[[0m[0mdebug[0m] [0m[0mjsonRpcNotify: JsonRpcNotificationMessage(2.0, build/logMessage, {"type":2,"message":"          ^"})[0m
[0m[[0m[0mdebug[0m] [0m[0mjsonRpcNotify: JsonRpcNotificationMessage(2.0, build/publishDiagnostics, {"textDocument":{"uri":"file:///E:/Program%20Files/Projects/scalacords/src/main/scala/TimezoneIndex.scala"},"buildTarget":{"uri":"file:/E:/Program%20Files/Projects/scalacords/#scalacords/Compile"},"diagnostics":[{"range":{"start":{"line":2,"character":0},"end":{"line":2,"character":23}},"severity":2,"source":"sbt","message":"Unused import"}],"reset":false})[0m
[0m[[0m[33mwarn[0m] [0m[0mE:\Program Files\Projects\scalacords\src\main\scala\TimezoneIndex.scala:3:18: Unused import[0m
[0m[[0m[33mwarn[0m] [0m[0mimport java.time.ZoneId[0m
[0m[[0m[33mwarn[0m] [0m[0m                 ^[0m
[0m[[0m[0mdebug[0m] [0m[0mjsonRpcNotify: JsonRpcNotificationMessage(2.0, build/logMessage, {"type":2,"message":"E:\\Program Files\\Projects\\scalacords\\src\\main\\scala\\TimezoneIndex.scala:3:18: Unused import"})[0m
[0m[[0m[0mdebug[0m] [0m[0mjsonRpcNotify: JsonRpcNotificationMessage(2.0, build/logMessage, {"type":2,"message":"import java.time.ZoneId"})[0m
[0m[[0m[0mdebug[0m] [0m[0mjsonRpcNotify: JsonRpcNotificationMessage(2.0, build/logMessage, {"type":2,"message":"                 ^"})[0m
[0m[[0m[0mdebug[0m] [0m[0mjsonRpcNotify: JsonRpcNotificationMessage(2.0, build/taskProgress, {"taskId":{"id":"6","parents":[]},"eventTime":1654100264598,"message":"Compiling scalacords (15%)","total":104,"progress":15,"dataKind":"compile-progress","data":{"target":{"uri":"file:/E:/Program%20Files/Projects/scalacords/#scalacords/Compile"}}})[0m
[0m[[0m[0mdebug[0m] [0m[0mjsonRpcNotify: JsonRpcNotificationMessage(2.0, build/taskProgress, {"taskId":{"id":"6","parents":[]},"eventTime":1654100264599,"message":"Compiling scalacords (15%)","total":104,"progress":15,"dataKind":"compile-progress","data":{"target":{"uri":"file:/E:/Program%20Files/Projects/scalacords/#scalacords/Compile"}}})[0m
[0m[[0m[33mwarn[0m] [0m[0m5 warnings found[0m
[0m[[0m[0mdebug[0m] [0m[0mjsonRpcNotify: JsonRpcNotificationMessage(2.0, build/logMessage, {"type":2,"message":"5 warnings found"})[0m
[0m[[0m[31merror[0m] [0m[0mthree errors found[0m
[0m[[0m[0mdebug[0m] [0m[0mjsonRpcNotify: JsonRpcNotificationMessage(2.0, build/logMessage, {"type":1,"message":"three errors found"})[0m
[0m[[0m[0mdebug[0m] [0m[0mjsonRpcNotify: JsonRpcNotificationMessage(2.0, build/publishDiagnostics, {"textDocument":{"uri":"file:///E:/Program%20Files/Projects/scalacords/src/main/scala/Coordinates.scala"},"buildTarget":{"uri":"file:/E:/Program%20Files/Projects/scalacords/#scalacords/Compile"},"diagnostics":[{"range":{"start":{"line":45,"character":22},"end":{"line":45,"character":24}},"severity":1,"source":"sbt","message":"type mismatch;\n found   : scala.collection.mutable.ArrayBuffer[Double]\n required: Seq[Double]"}],"reset":true})[0m
[0m[[0m[0mdebug[0m] [0m[0mjsonRpcNotify: JsonRpcNotificationMessage(2.0, build/publishDiagnostics, {"textDocument":{"uri":"file:///E:/Program%20Files/Projects/scalacords/src/main/scala/Geoscala.scala"},"buildTarget":{"uri":"file:/E:/Program%20Files/Projects/scalacords/#scalacords/Compile"},"diagnostics":[],"reset":true})[0m
[0m[[0m[0mdebug[0m] [0m[0mjsonRpcNotify: JsonRpcNotificationMessage(2.0, build/publishDiagnostics, {"textDocument":{"uri":"file:///E:/Program%20Files/Projects/scalacords/src/main/scala/TimezoneIndex.scala"},"buildTarget":{"uri":"file:/E:/Program%20Files/Projects/scalacords/#scalacords/Compile"},"diagnostics":[{"range":{"start":{"line":22,"character":32},"end":{"line":22,"character":104}},"severity":1,"source":"sbt","message":"value length is not a member of scala.collection.View[String]"},{"range":{"start":{"line":23,"character":32},"end":{"line":23,"character":96}},"severity":1,"source":"sbt","message":"value length is not a member of scala.collection.View[String]"},{"range":{"start":{"line":58,"character":10},"end":{"line":58,"character":15}},"severity":2,"source":"sbt","message":"Auto-application to `()` is deprecated. Supply the empty argument list `()` explicitly to invoke method break,\nor remove the empty argument list from its definition (Java-defined methods are exempt).\nIn Scala 3, an unapplied method like this will be eta-expanded into a function."},{"range":{"start":{"line":63,"character":10},"end":{"line":63,"character":15}},"severity":2,"source":"sbt","message":"Auto-application to `()` is deprecated. Supply the empty argument list `()` explicitly to invoke method break,\nor remove the empty argument list from its definition (Java-defined methods are exempt).\nIn Scala 3, an unapplied method like this will be eta-expanded into a function."},{"range":{"start":{"line":75,"character":10},"end":{"line":75,"character":15}},"severity":2,"source":"sbt","message":"Auto-application to `()` is deprecated. Supply the empty argument list `()` explicitly to invoke method break,\nor remove the empty argument list from its definition (Java-defined methods are exempt).\nIn Scala 3, an unapplied method like this will be eta-expanded into a function."},{"range":{"start":{"line":82,"character":10},"end":{"line":82,"character":15}},"severity":2,"source":"sbt","message":"Auto-application to `()` is deprecated. Supply the empty argument list `()` explicitly to invoke method break,\nor remove the empty argument list from its definition (Java-defined methods are exempt).\nIn Scala 3, an unapplied method like this will be eta-expanded into a function."},{"range":{"start":{"line":2,"character":0},"end":{"line":2,"character":23}},"severity":2,"source":"sbt","message":"Unused import"}],"reset":true})[0m
[0m[[0m[0mdebug[0m] [0m[0mjsonRpcNotify: JsonRpcNotificationMessage(2.0, build/publishDiagnostics, {"textDocument":{"uri":"file:///E:/Program%20Files/Projects/scalacords/src/main/scala/Tokens.scala"},"buildTarget":{"uri":"file:/E:/Program%20Files/Projects/scalacords/#scalacords/Compile"},"diagnostics":[],"reset":true})[0m
[0m[[0m[0mdebug[0m] [0m[0mjsonRpcNotify: JsonRpcNotificationMessage(2.0, build/taskFinish, {"taskId":{"id":"6","parents":[]},"eventTime":1654100264606,"message":"Compiled scalacords","status":2,"dataKind":"compile-report","data":{"target":{"uri":"file:/E:/Program%20Files/Projects/scalacords/#scalacords/Compile"},"errors":3,"warnings":5,"time":1182}})[0m
[0m[[0m[0mdebug[0m] [0m[0munmatched json error for requestId None: {"code":-32603,"message":"(Compile / \u001b[31mcompileIncremental\u001b[0m) Compilation failed"}[0m
[0m[[0m[31merror[0m] [0m[0m(Compile / [31mcompileIncremental[0m) Compilation failed[0m
[0m[[0m[0mdebug[0m] [0m[0mjsonRpcNotify: JsonRpcNotificationMessage(2.0, build/logMessage, {"type":1,"message":"(Compile / \u001b[31mcompileIncremental\u001b[0m) Compilation failed"})[0m
[0m[[0m[31merror[0m] [0m[0mTotal time: 1 s, completed 01.06.2022 19:17:44[0m
[0m[[0m[0mdebug[0m] [0m[0munmatched Done event for requestId None: None[0m
[0m[[0m[0mdebug[0m] [0m[0m> Exec(shell, None, None)[0m
